#
# A fatal error has been detected by the Java Runtime Environment:
#
#  EXCEPTION_ACCESS_VIOLATION (0xc0000005) at pc=0x0000000004963345, pid=3068, tid=0x0000000000002154
#
# JRE version: OpenJDK Runtime Environment (8.0_152-b01) (build 1.8.0_152-release-915-b01)
# Java VM: OpenJDK 64-Bit Server VM (25.152-b01 mixed mode windows-amd64 compressed oops)
# Problematic frame:
# J 9319 C1 org.gradle.api.internal.file.CompositeFileCollection.getFiles()Ljava/util/Set; (124 bytes) @ 0x0000000004963345 [0x0000000004962fc0+0x385]
#
# Failed to write core dump. Minidumps are not enabled by default on client versions of Windows
#
# If you would like to submit a bug report, please visit:
#   http://bugreport.java.com/bugreport/crash.jsp
#

---------------  T H R E A D  ---------------

Current thread (0x000000001931a000):  JavaThread "Daemon worker Thread 2" [_thread_in_Java, id=8532, stack(0x00000000255c0000,0x00000000256c0000)]

siginfo: ExceptionCode=0xc0000005, reading address 0xffffffffffffffff

Registers:
RAX=0x0000000000000001, RBX=0x0000000024739338, RCX=0xffffffffffffffff, RDX=0x0000000024739338
RSP=0x00000000256bb7f0, RBP=0x00000000256bb958, RSI=0x00000000000001b8, RDI=0x000000000000001d
R8 =0x0000000000000000, R9 =0x00000000e3e3e430, R10=0x0000000000000009, R11=0x00000000e3e36118
R12=0x0000000000000000, R13=0x00000000e3e3e3d0, R14=0x00000000e3e3e3c0, R15=0x000000001931a000
RIP=0x0000000004963345, EFLAGS=0x0000000000010247

Top of Stack: (sp=0x00000000256bb7f0)
0x00000000256bb7f0:   000000001bafc07b 00000000256bb858
0x00000000256bb800:   000000001bafc158 0000000000000000
0x00000000256bb810:   00000000256bb810 000000001eae9c90
0x00000000256bb820:   00000000256bb860 000000001eae9f18
0x00000000256bb830:   0000000000000000 000000001eae9ca8
0x00000000256bb840:   0000000000000000 00000000256bb860
0x00000000256bb850:   00000000256bb8a8 0000000002e67e20
0x00000000256bb860:   00000000e3e2b038 00000000256bb868
0x00000000256bb870:   000000001eaeb240 00000000256bb8b8
0x00000000256bb880:   000000001eaeba48 0000000000000000
0x00000000256bb890:   000000001eaeb260 0000000000000000
0x00000000256bb8a0:   00000000e3e35ef8 00000000e3e3e430
0x00000000256bb8b0:   0000000000000000 00000000e3e2b038
0x00000000256bb8c0:   00000000256bb8c0 000000001eb3c5c4
0x00000000256bb8d0:   00000000256bb910 000000001eb3c668
0x00000000256bb8e0:   0000000000000000 000000001eb3c5e0 

Instructions: (pc=0x0000000004963345)
0x0000000004963325:   89 84 24 b8 00 00 00 be 00 00 00 00 89 b4 24 c0
0x0000000004963335:   00 00 00 e9 ff 03 00 00 66 66 90 20 2b db ee 90
0x0000000004963345:   a0 56 ca 20 5a 8f 5d 73 24 00 00 00 00 8b 40 08
0x0000000004963355:   48 c1 e0 03 48 3b 82 d0 01 00 00 75 0d 48 83 82 


Register to memory mapping:

RAX=0x0000000000000001 is an unknown value
RBX=0x0000000024739338 is pointing into metadata
RCX=0xffffffffffffffff is an unknown value
RDX=0x0000000024739338 is pointing into metadata
RSP=0x00000000256bb7f0 is pointing into the stack for thread: 0x000000001931a000
RBP=0x00000000256bb958 is pointing into the stack for thread: 0x000000001931a000
RSI=0x00000000000001b8 is an unknown value
RDI=0x000000000000001d is an unknown value
R8 =0x0000000000000000 is an unknown value
R9 =0x00000000e3e3e430 is an oop
java.util.ArrayList$Itr 
 - klass: 'java/util/ArrayList$Itr'
R10=0x0000000000000009 is an unknown value
R11=0x00000000e3e36118 is an oop
java.util.ArrayList 
 - klass: 'java/util/ArrayList'
R12=0x0000000000000000 is an unknown value
R13=0x00000000e3e3e3d0 is an oop

[error occurred during error reporting (printing register info), id 0xc0000005]

Stack: [0x00000000255c0000,0x00000000256c0000],  sp=0x00000000256bb7f0,  free space=1005k
Native frames: (J=compiled Java code, j=interpreted, Vv=VM code, C=native code)
C  0x0000000004963345


---------------  P R O C E S S  ---------------

Java Threads: ( => current thread )
  0x0000000019320800 JavaThread "Cache worker for Artifact transforms cache (C:\Users\Rey Christian\.gradle\caches\transforms-1)" [_thread_blocked, id=8008, stack(0x00000000259c0000,0x0000000025ac0000)]
  0x000000001931b800 JavaThread "Cache worker for file hash cache (C:\Users\Rey Christian\Documents\BookRightBack\.gradle\4.1\fileHashes)" [_thread_blocked, id=5344, stack(0x00000000258c0000,0x00000000259c0000)]
  0x0000000019314800 JavaThread "Stdin handler" [_thread_blocked, id=988, stack(0x00000000257c0000,0x00000000258c0000)]
  0x000000001931a800 JavaThread "Asynchronous log dispatcher for DefaultDaemonConnection: socket connection from /127.0.0.1:52414 to /127.0.0.1:52473" [_thread_blocked, id=3156, stack(0x00000000256c0000,0x00000000257c0000)]
=>0x000000001931a000 JavaThread "Daemon worker Thread 2" [_thread_in_Java, id=8532, stack(0x00000000255c0000,0x00000000256c0000)]
  0x0000000019312800 JavaThread "Cancel handler" [_thread_blocked, id=6500, stack(0x00000000254c0000,0x00000000255c0000)]
  0x0000000019317000 JavaThread "Handler for socket connection from /127.0.0.1:52414 to /127.0.0.1:52473" [_thread_in_native, id=7452, stack(0x00000000253c0000,0x00000000254c0000)]
  0x0000000019317800 JavaThread "Daemon Thread 2" [_thread_blocked, id=7492, stack(0x00000000252c0000,0x00000000253c0000)]
  0x0000000019314000 JavaThread "Memory manager" [_thread_blocked, id=6196, stack(0x0000000021130000,0x0000000021230000)]
  0x000000001941d800 JavaThread "File lock request listener" [_thread_in_native, id=3420, stack(0x000000001c060000,0x000000001c160000)]
  0x000000001941d000 JavaThread "Cache worker for file hash cache (C:\Users\Rey Christian\.gradle\caches\4.1\fileHashes)" [_thread_blocked, id=7076, stack(0x000000001bf60000,0x000000001c060000)]
  0x00000000196c8800 JavaThread "Daemon periodic checks" [_thread_blocked, id=7600, stack(0x000000001b660000,0x000000001b760000)]
  0x00000000197ba000 JavaThread "Incoming local TCP Connector on port 52414" [_thread_in_native, id=1144, stack(0x0000000019ef0000,0x0000000019ff0000)]
  0x000000001682e800 JavaThread "Service Thread" daemon [_thread_blocked, id=5548, stack(0x0000000018520000,0x0000000018620000)]
  0x00000000167d2000 JavaThread "C1 CompilerThread2" daemon [_thread_blocked, id=2724, stack(0x0000000018020000,0x0000000018120000)]
  0x00000000167cb000 JavaThread "C2 CompilerThread1" daemon [_thread_blocked, id=8212, stack(0x0000000017f20000,0x0000000018020000)]
  0x00000000167c8800 JavaThread "C2 CompilerThread0" daemon [_thread_blocked, id=6524, stack(0x0000000017e20000,0x0000000017f20000)]
  0x00000000167d7000 JavaThread "Attach Listener" daemon [_thread_blocked, id=1368, stack(0x0000000017d20000,0x0000000017e20000)]
  0x00000000167d6000 JavaThread "Signal Dispatcher" daemon [_thread_blocked, id=1840, stack(0x0000000017c20000,0x0000000017d20000)]
  0x0000000002e5c800 JavaThread "Finalizer" daemon [_thread_blocked, id=6320, stack(0x0000000017a30000,0x0000000017b30000)]
  0x0000000002e51800 JavaThread "Reference Handler" daemon [_thread_blocked, id=8364, stack(0x0000000017930000,0x0000000017a30000)]
  0x0000000002d62800 JavaThread "main" [_thread_blocked, id=864, stack(0x0000000002b90000,0x0000000002c90000)]

Other Threads:
  0x0000000016795000 VMThread [stack: 0x0000000017830000,0x0000000017930000] [id=7520]
  0x0000000018146800 WatcherThread [stack: 0x0000000018620000,0x0000000018720000] [id=4196]

VM state:not at safepoint (normal execution)

VM Mutex/Monitor currently owned by a thread: None

Heap:
 PSYoungGen      total 122368K, used 71854K [0x00000000e0000000, 0x00000000ea880000, 0x0000000100000000)
  eden space 93184K, 68% used [0x00000000e0000000,0x00000000e3e66078,0x00000000e5b00000)
  from space 29184K, 27% used [0x00000000e5b00000,0x00000000e62c5a50,0x00000000e7780000)
  to   space 28672K, 0% used [0x00000000e8c80000,0x00000000e8c80000,0x00000000ea880000)
 ParOldGen       total 110080K, used 46815K [0x00000000a0000000, 0x00000000a6b80000, 0x00000000e0000000)
  object space 110080K, 42% used [0x00000000a0000000,0x00000000a2db7cd8,0x00000000a6b80000)
 Metaspace       used 61355K, capacity 64274K, committed 64472K, reserved 1105920K
  class space    used 8175K, capacity 8886K, committed 8960K, reserved 1048576K

Card table byte_map: [0x0000000012220000,0x0000000012530000] byte_map_base: 0x0000000011d20000

Marking Bits: (ParMarkBitMap*) 0x000000006f4c3950
 Begin Bits: [0x0000000012b30000, 0x0000000014330000)
 End Bits:   [0x0000000014330000, 0x0000000015b30000)

Polling page: 0x0000000000e50000

CodeCache: size=245760Kb used=27815Kb max_used=28135Kb free=217944Kb
 bounds [0x0000000002e60000, 0x0000000004a00000, 0x0000000011e60000]
 total_blobs=9049 nmethods=8262 adapters=699
 compilation: enabled

Compilation events (10 events):
Event: 806.865 Thread 0x00000000167d2000 9732       3       org.gradle.groovy.scripts.internal.FileCacheBackedScriptClassCompiler$BuildScriptRemapper::remap (38 bytes)
Event: 806.866 Thread 0x00000000167d2000 nmethod 9732 0x000000000345a310 code [0x000000000345a500, 0x000000000345ae78]
Event: 806.930 Thread 0x00000000167d2000 9733       3       org.codehaus.groovy.runtime.metaclass.MetaMethodIndex::<init> (118 bytes)
Event: 806.931 Thread 0x00000000167d2000 nmethod 9733 0x000000000330d910 code [0x000000000330db40, 0x000000000330ec88]
Event: 806.934 Thread 0x00000000167c8800 9734       4       java.util.IdentityHashMap::hash (18 bytes)
Event: 806.935 Thread 0x00000000167c8800 nmethod 9734 0x0000000003c2ad10 code [0x0000000003c2ae60, 0x0000000003c2af08]
Event: 806.943 Thread 0x00000000167d2000 9735       3       com.google.common.collect.ImmutableSet$Builder::build (22 bytes)
Event: 806.943 Thread 0x00000000167d2000 nmethod 9735 0x000000000319e790 code [0x000000000319e900, 0x000000000319ebd8]
Event: 806.943 Thread 0x00000000167d2000 9736       3       com.google.common.collect.ImmutableSet::access$000 (6 bytes)
Event: 806.943 Thread 0x00000000167d2000 nmethod 9736 0x0000000003c8af90 code [0x0000000003c8b100, 0x0000000003c8b268]

GC Heap History (10 events):
Event: 54.283 GC heap before
{Heap before GC invocations=20 (full 2):
 PSYoungGen      total 77312K, used 77290K [0x00000000e0000000, 0x00000000e6d00000, 0x0000000100000000)
  eden space 63488K, 100% used [0x00000000e0000000,0x00000000e3e00000,0x00000000e3e00000)
  from space 13824K, 99% used [0x00000000e3e00000,0x00000000e4b7a8a8,0x00000000e4b80000)
  to   space 16896K, 0% used [0x00000000e5c80000,0x00000000e5c80000,0x00000000e6d00000)
 ParOldGen       total 67072K, used 17886K [0x00000000a0000000, 0x00000000a4180000, 0x00000000e0000000)
  object space 67072K, 26% used [0x00000000a0000000,0x00000000a1177900,0x00000000a4180000)
 Metaspace       used 54029K, capacity 55968K, committed 56024K, reserved 1097728K
  class space    used 7409K, capacity 7903K, committed 7936K, reserved 1048576K
Event: 54.310 GC heap after
Heap after GC invocations=20 (full 2):
 PSYoungGen      total 91136K, used 16893K [0x00000000e0000000, 0x00000000e7400000, 0x0000000100000000)
  eden space 74240K, 0% used [0x00000000e0000000,0x00000000e0000000,0x00000000e4880000)
  from space 16896K, 99% used [0x00000000e5c80000,0x00000000e6cff4e0,0x00000000e6d00000)
  to   space 20480K, 0% used [0x00000000e4880000,0x00000000e4880000,0x00000000e5c80000)
 ParOldGen       total 67072K, used 21699K [0x00000000a0000000, 0x00000000a4180000, 0x00000000e0000000)
  object space 67072K, 32% used [0x00000000a0000000,0x00000000a1530eb8,0x00000000a4180000)
 Metaspace       used 54029K, capacity 55968K, committed 56024K, reserved 1097728K
  class space    used 7409K, capacity 7903K, committed 7936K, reserved 1048576K
}
Event: 55.096 GC heap before
{Heap before GC invocations=21 (full 2):
 PSYoungGen      total 91136K, used 91133K [0x00000000e0000000, 0x00000000e7400000, 0x0000000100000000)
  eden space 74240K, 100% used [0x00000000e0000000,0x00000000e4880000,0x00000000e4880000)
  from space 16896K, 99% used [0x00000000e5c80000,0x00000000e6cff4e0,0x00000000e6d00000)
  to   space 20480K, 0% used [0x00000000e4880000,0x00000000e4880000,0x00000000e5c80000)
 ParOldGen       total 67072K, used 21699K [0x00000000a0000000, 0x00000000a4180000, 0x00000000e0000000)
  object space 67072K, 32% used [0x00000000a0000000,0x00000000a1530eb8,0x00000000a4180000)
 Metaspace       used 54402K, capacity 56446K, committed 56664K, reserved 1097728K
  class space    used 7450K, capacity 8004K, committed 8064K, reserved 1048576K
Event: 55.159 GC heap after
Heap after GC invocations=21 (full 2):
 PSYoungGen      total 94720K, used 20472K [0x00000000e0000000, 0x00000000e9080000, 0x0000000100000000)
  eden space 74240K, 0% used [0x00000000e0000000,0x00000000e0000000,0x00000000e4880000)
  from space 20480K, 99% used [0x00000000e4880000,0x00000000e5c7e220,0x00000000e5c80000)
  to   space 25600K, 0% used [0x00000000e7780000,0x00000000e7780000,0x00000000e9080000)
 ParOldGen       total 67072K, used 27426K [0x00000000a0000000, 0x00000000a4180000, 0x00000000e0000000)
  object space 67072K, 40% used [0x00000000a0000000,0x00000000a1ac8b00,0x00000000a4180000)
 Metaspace       used 54402K, capacity 56446K, committed 56664K, reserved 1097728K
  class space    used 7450K, capacity 8004K, committed 8064K, reserved 1048576K
}
Event: 62.721 GC heap before
{Heap before GC invocations=22 (full 2):
 PSYoungGen      total 94720K, used 69373K [0x00000000e0000000, 0x00000000e9080000, 0x0000000100000000)
  eden space 74240K, 65% used [0x00000000e0000000,0x00000000e2fc1210,0x00000000e4880000)
  from space 20480K, 99% used [0x00000000e4880000,0x00000000e5c7e220,0x00000000e5c80000)
  to   space 25600K, 0% used [0x00000000e7780000,0x00000000e7780000,0x00000000e9080000)
 ParOldGen       total 67072K, used 27426K [0x00000000a0000000, 0x00000000a4180000, 0x00000000e0000000)
  object space 67072K, 40% used [0x00000000a0000000,0x00000000a1ac8b00,0x00000000a4180000)
 Metaspace       used 56608K, capacity 58890K, committed 58968K, reserved 1099776K
  class space    used 7717K, capacity 8299K, committed 8320K, reserved 1048576K
Event: 62.763 GC heap after
Heap after GC invocations=22 (full 2):
 PSYoungGen      total 118784K, used 24551K [0x00000000e0000000, 0x00000000e9600000, 0x0000000100000000)
  eden space 93184K, 0% used [0x00000000e0000000,0x00000000e0000000,0x00000000e5b00000)
  from space 25600K, 95% used [0x00000000e7780000,0x00000000e8f79f08,0x00000000e9080000)
  to   space 29184K, 0% used [0x00000000e5b00000,0x00000000e5b00000,0x00000000e7780000)
 ParOldGen       total 67072K, used 27434K [0x00000000a0000000, 0x00000000a4180000, 0x00000000e0000000)
  object space 67072K, 40% used [0x00000000a0000000,0x00000000a1acab00,0x00000000a4180000)
 Metaspace       used 56608K, capacity 58890K, committed 58968K, reserved 1099776K
  class space    used 7717K, capacity 8299K, committed 8320K, reserved 1048576K
}
Event: 62.763 GC heap before
{Heap before GC invocations=23 (full 3):
 PSYoungGen      total 118784K, used 24551K [0x00000000e0000000, 0x00000000e9600000, 0x0000000100000000)
  eden space 93184K, 0% used [0x00000000e0000000,0x00000000e0000000,0x00000000e5b00000)
  from space 25600K, 95% used [0x00000000e7780000,0x00000000e8f79f08,0x00000000e9080000)
  to   space 29184K, 0% used [0x00000000e5b00000,0x00000000e5b00000,0x00000000e7780000)
 ParOldGen       total 67072K, used 27434K [0x00000000a0000000, 0x00000000a4180000, 0x00000000e0000000)
  object space 67072K, 40% used [0x00000000a0000000,0x00000000a1acab00,0x00000000a4180000)
 Metaspace       used 56608K, capacity 58890K, committed 58968K, reserved 1099776K
  class space    used 7717K, capacity 8299K, committed 8320K, reserved 1048576K
Event: 63.137 GC heap after
Heap after GC invocations=23 (full 3):
 PSYoungGen      total 118784K, used 0K [0x00000000e0000000, 0x00000000e9600000, 0x0000000100000000)
  eden space 93184K, 0% used [0x00000000e0000000,0x00000000e0000000,0x00000000e5b00000)
  from space 25600K, 0% used [0x00000000e7780000,0x00000000e7780000,0x00000000e9080000)
  to   space 29184K, 0% used [0x00000000e5b00000,0x00000000e5b00000,0x00000000e7780000)
 ParOldGen       total 110080K, used 46807K [0x00000000a0000000, 0x00000000a6b80000, 0x00000000e0000000)
  object space 110080K, 42% used [0x00000000a0000000,0x00000000a2db5cd8,0x00000000a6b80000)
 Metaspace       used 56608K, capacity 58890K, committed 58968K, reserved 1099776K
  class space    used 7717K, capacity 8299K, committed 8320K, reserved 1048576K
}
Event: 79.875 GC heap before
{Heap before GC invocations=24 (full 3):
 PSYoungGen      total 118784K, used 93184K [0x00000000e0000000, 0x00000000e9600000, 0x0000000100000000)
  eden space 93184K, 100% used [0x00000000e0000000,0x00000000e5b00000,0x00000000e5b00000)
  from space 25600K, 0% used [0x00000000e7780000,0x00000000e7780000,0x00000000e9080000)
  to   space 29184K, 0% used [0x00000000e5b00000,0x00000000e5b00000,0x00000000e7780000)
 ParOldGen       total 110080K, used 46807K [0x00000000a0000000, 0x00000000a6b80000, 0x00000000e0000000)
  object space 110080K, 42% used [0x00000000a0000000,0x00000000a2db5cd8,0x00000000a6b80000)
 Metaspace       used 60626K, capacity 63366K, committed 63576K, reserved 1103872K
  class space    used 8109K, capacity 8795K, committed 8832K, reserved 1048576K
Event: 79.886 GC heap after
Heap after GC invocations=24 (full 3):
 PSYoungGen      total 122368K, used 7958K [0x00000000e0000000, 0x00000000ea880000, 0x0000000100000000)
  eden space 93184K, 0% used [0x00000000e0000000,0x00000000e0000000,0x00000000e5b00000)
  from space 29184K, 27% used [0x00000000e5b00000,0x00000000e62c5a50,0x00000000e7780000)
  to   space 28672K, 0% used [0x00000000e8c80000,0x00000000e8c80000,0x00000000ea880000)
 ParOldGen       total 110080K, used 46815K [0x00000000a0000000, 0x00000000a6b80000, 0x00000000e0000000)
  object space 110080K, 42% used [0x00000000a0000000,0x00000000a2db7cd8,0x00000000a6b80000)
 Metaspace       used 60626K, capacity 63366K, committed 63576K, reserved 1103872K
  class space    used 8109K, capacity 8795K, committed 8832K, reserved 1048576K
}

Deoptimization events (10 events):
Event: 83.535 Thread 0x000000001931d800 Uncommon trap: reason=bimorphic action=maybe_recompile pc=0x00000000045c9994 method=java.io.ObjectOutputStream$BlockDataOutputStream.drain()V @ 36
Event: 84.131 Thread 0x000000001931d000 Uncommon trap: reason=bimorphic action=maybe_recompile pc=0x00000000037e5bfc method=java.io.BufferedInputStream.read1([BII)I @ 39
Event: 84.347 Thread 0x000000001931a800 Uncommon trap: reason=unstable_if action=reinterpret pc=0x0000000004906ec8 method=java.util.concurrent.ConcurrentLinkedQueue.offer(Ljava/lang/Object;)Z @ 91
Event: 84.348 Thread 0x000000001931c000 Uncommon trap: reason=unstable_if action=reinterpret pc=0x0000000004246338 method=java.util.concurrent.ConcurrentHashMap.addCount(JI)V @ 34
Event: 84.371 Thread 0x000000001931c000 Uncommon trap: reason=unstable_if action=reinterpret pc=0x00000000034c5a9c method=java.util.concurrent.ConcurrentHashMap.addCount(JI)V @ 34
Event: 87.577 Thread 0x000000001931d000 Uncommon trap: reason=bimorphic action=maybe_recompile pc=0x000000000336aa98 method=java.io.BufferedInputStream.read1([BII)I @ 39
Event: 88.057 Thread 0x00000000197b8000 Uncommon trap: reason=class_check action=maybe_recompile pc=0x00000000032661d0 method=org.gradle.internal.logging.text.AbstractLineChoppingStyledTextOutput$StateContext.flushLineText()V @ 110
Event: 88.057 Thread 0x00000000197b8000 Uncommon trap: reason=class_check action=maybe_recompile pc=0x00000000032661d0 method=org.gradle.internal.logging.text.AbstractLineChoppingStyledTextOutput$StateContext.flushLineText()V @ 110
Event: 88.064 Thread 0x000000001931d000 Uncommon trap: reason=class_check action=maybe_recompile pc=0x00000000040c01d8 method=java.util.concurrent.locks.ReentrantLock.lock()V @ 4
Event: 88.151 Thread 0x0000000019320800 Uncommon trap: reason=class_check action=maybe_recompile pc=0x00000000040c01d8 method=java.util.concurrent.locks.ReentrantLock.lock()V @ 4

Classes redefined (0 events):
No events

Internal exceptions (10 events):
Event: 79.461 Thread 0x00000000197b8000 Exception <a 'java/lang/NoSuchMethodError': <clinit>> (0x00000000e57918a8) thrown at [D:\src\AOSP-openjdk-cygwin\jdk8u\hotspot\src\share\vm\prims\jni.cpp, line 1613]
Event: 79.463 Thread 0x00000000197b8000 Exception <a 'java/lang/NoSuchMethodError': <clinit>> (0x00000000e57ad5a8) thrown at [D:\src\AOSP-openjdk-cygwin\jdk8u\hotspot\src\share\vm\prims\jni.cpp, line 1613]
Event: 79.463 Thread 0x00000000197b8000 Exception <a 'java/lang/NoSuchMethodError': <clinit>> (0x00000000e57af410) thrown at [D:\src\AOSP-openjdk-cygwin\jdk8u\hotspot\src\share\vm\prims\jni.cpp, line 1613]
Event: 83.533 Thread 0x000000001931d800 Exception <a 'java/lang/NoSuchMethodError': <clinit>> (0x00000000e19e98e8) thrown at [D:\src\AOSP-openjdk-cygwin\jdk8u\hotspot\src\share\vm\prims\jni.cpp, line 1613]
Event: 83.534 Thread 0x000000001931d800 Exception <a 'java/lang/NoSuchMethodError': <clinit>> (0x00000000e19f2cf0) thrown at [D:\src\AOSP-openjdk-cygwin\jdk8u\hotspot\src\share\vm\prims\jni.cpp, line 1613]
Event: 88.085 Thread 0x00000000197b8000 Exception <a 'sun/nio/fs/WindowsException'> (0x00000000e03b9220) thrown at [D:\src\AOSP-openjdk-cygwin\jdk8u\hotspot\src\share\vm\prims\jni.cpp, line 709]
Event: 806.515 Thread 0x000000001931a000 Exception <a 'java/lang/ClassNotFoundException': sync_local_repo8891_brw3vqcll9m3inm4wo6ar0ghcBeanInfo> (0x00000000e3c99068) thrown at [D:\src\AOSP-openjdk-cygwin\jdk8u\hotspot\src\share\vm\classfile\systemDictionary.cpp, line 210]
Event: 806.515 Thread 0x000000001931a000 Exception <a 'java/lang/ClassNotFoundException': sync_local_repo8891_brw3vqcll9m3inm4wo6ar0ghcCustomizer> (0x00000000e3ca39a8) thrown at [D:\src\AOSP-openjdk-cygwin\jdk8u\hotspot\src\share\vm\classfile\systemDictionary.cpp, line 210]
Event: 806.931 Thread 0x000000001931a000 Exception <a 'java/lang/ClassNotFoundException': ijinit157_b28hcjvn20i2nahvd1hspgwu5BeanInfo> (0x00000000e3dc8828) thrown at [D:\src\AOSP-openjdk-cygwin\jdk8u\hotspot\src\share\vm\classfile\systemDictionary.cpp, line 210]
Event: 806.931 Thread 0x000000001931a000 Exception <a 'java/lang/ClassNotFoundException': ijinit157_b28hcjvn20i2nahvd1hspgwu5Customizer> (0x00000000e3dd23a8) thrown at [D:\src\AOSP-openjdk-cygwin\jdk8u\hotspot\src\share\vm\classfile\systemDictionary.cpp, line 210]

Events (10 events):
Event: 806.931 loading class ijinit157_b28hcjvn20i2nahvd1hspgwu5BeanInfo done
Event: 806.931 loading class ijinit157_b28hcjvn20i2nahvd1hspgwu5Customizer
Event: 806.931 loading class ijinit157_b28hcjvn20i2nahvd1hspgwu5Customizer done
Event: 806.931 loading class ijinit157_b28hcjvn20i2nahvd1hspgwu5Customizer
Event: 806.931 loading class ijinit157_b28hcjvn20i2nahvd1hspgwu5Customizer done
Event: 806.932 loading class groovy/runtime/metaclass/ijinit157_b28hcjvn20i2nahvd1hspgwu5$_run_closure1MetaClass
Event: 806.932 loading class groovy/runtime/metaclass/ijinit157_b28hcjvn20i2nahvd1hspgwu5$_run_closure1MetaClass done
Event: 806.933 loading class groovy/runtime/metaclass/ijinit157_b28hcjvn20i2nahvd1hspgwu5$_run_closure1$_closure2MetaClass
Event: 806.933 loading class groovy/runtime/metaclass/ijinit157_b28hcjvn20i2nahvd1hspgwu5$_run_closure1$_closure2MetaClass done
Event: 806.935 Thread 0x0000000019320800 Thread added: 0x0000000019320800


Dynamic libraries:
0x00007ff75dc30000 - 0x00007ff75dc61000 	C:\Program Files\Android\Android Studio\jre\bin\java.exe
0x00007ff8b0820000 - 0x00007ff8b09fb000 	C:\WINDOWS\SYSTEM32\ntdll.dll
0x00007ff8ae310000 - 0x00007ff8ae3be000 	C:\WINDOWS\System32\KERNEL32.DLL
0x00007ff8acea0000 - 0x00007ff8ad0e9000 	C:\WINDOWS\System32\KERNELBASE.dll
0x00007ff8ae7a0000 - 0x00007ff8ae841000 	C:\WINDOWS\System32\ADVAPI32.dll
0x00007ff8aff00000 - 0x00007ff8aff9d000 	C:\WINDOWS\System32\msvcrt.dll
0x00007ff8ae710000 - 0x00007ff8ae769000 	C:\WINDOWS\System32\sechost.dll
0x00007ff8ae1e0000 - 0x00007ff8ae305000 	C:\WINDOWS\System32\RPCRT4.dll
0x00007ff8b04d0000 - 0x00007ff8b061a000 	C:\WINDOWS\System32\USER32.dll
0x00007ff8ace80000 - 0x00007ff8ace9e000 	C:\WINDOWS\System32\win32u.dll
0x00007ff8ae770000 - 0x00007ff8ae797000 	C:\WINDOWS\System32\GDI32.dll
0x00007ff8ad0f0000 - 0x00007ff8ad277000 	C:\WINDOWS\System32\gdi32full.dll
0x00007ff8ad280000 - 0x00007ff8ad31a000 	C:\WINDOWS\System32\msvcp_win.dll
0x00007ff8acd20000 - 0x00007ff8ace16000 	C:\WINDOWS\System32\ucrtbase.dll
0x00007ff8a55f0000 - 0x00007ff8a5857000 	C:\WINDOWS\WinSxS\amd64_microsoft.windows.common-controls_6595b64144ccf1df_6.0.15063.483_none_26002d27e7c744a2\COMCTL32.dll
0x00007ff8adea0000 - 0x00007ff8ae199000 	C:\WINDOWS\System32\combase.dll
0x00007ff8adcf0000 - 0x00007ff8add5a000 	C:\WINDOWS\System32\bcryptPrimitives.dll
0x00007ff8ae1a0000 - 0x00007ff8ae1cd000 	C:\WINDOWS\System32\IMM32.DLL
0x0000000070480000 - 0x0000000070552000 	C:\Program Files\Android\Android Studio\jre\jre\bin\msvcr100.dll
0x000000006ed00000 - 0x000000006f53e000 	C:\Program Files\Android\Android Studio\jre\jre\bin\server\jvm.dll
0x00007ff8ae1d0000 - 0x00007ff8ae1d8000 	C:\WINDOWS\System32\PSAPI.DLL
0x00007ff8a8c40000 - 0x00007ff8a8c49000 	C:\WINDOWS\SYSTEM32\WSOCK32.dll
0x00007ff8aad70000 - 0x00007ff8aad93000 	C:\WINDOWS\SYSTEM32\WINMM.dll
0x00007ff8ade10000 - 0x00007ff8ade7c000 	C:\WINDOWS\System32\WS2_32.dll
0x00007ff8a8040000 - 0x00007ff8a804a000 	C:\WINDOWS\SYSTEM32\VERSION.dll
0x00007ff8aad10000 - 0x00007ff8aad3b000 	C:\WINDOWS\SYSTEM32\winmmbase.dll
0x00007ff8adad0000 - 0x00007ff8adb19000 	C:\WINDOWS\System32\cfgmgr32.dll
0x00007ff8a9bc0000 - 0x00007ff8a9bcf000 	C:\Program Files\Android\Android Studio\jre\jre\bin\verify.dll
0x00007ff8a58c0000 - 0x00007ff8a58e9000 	C:\Program Files\Android\Android Studio\jre\jre\bin\java.dll
0x00007ff8a6dc0000 - 0x00007ff8a6dd6000 	C:\Program Files\Android\Android Studio\jre\jre\bin\zip.dll
0x00007ff8ae8f0000 - 0x00007ff8afd26000 	C:\WINDOWS\System32\SHELL32.dll
0x00007ff8add60000 - 0x00007ff8ade0a000 	C:\WINDOWS\System32\shcore.dll
0x00007ff8ad320000 - 0x00007ff8ada11000 	C:\WINDOWS\System32\windows.storage.dll
0x00007ff8afd30000 - 0x00007ff8afd81000 	C:\WINDOWS\System32\shlwapi.dll
0x00007ff8acce0000 - 0x00007ff8accf1000 	C:\WINDOWS\System32\kernel.appcore.dll
0x00007ff8acc70000 - 0x00007ff8accbc000 	C:\WINDOWS\System32\powrprof.dll
0x00007ff8accc0000 - 0x00007ff8accd5000 	C:\WINDOWS\System32\profapi.dll
0x00007ff8a5a10000 - 0x00007ff8a5a2a000 	C:\Program Files\Android\Android Studio\jre\jre\bin\net.dll
0x00007ff8ac580000 - 0x00007ff8ac5dc000 	C:\WINDOWS\system32\mswsock.dll
0x00007ff8a58a0000 - 0x00007ff8a58b1000 	C:\Program Files\Android\Android Studio\jre\jre\bin\nio.dll
0x00007ff8a0f70000 - 0x00007ff8a0f8e000 	C:\Users\Rey Christian\.gradle\native\25\windows-amd64\native-platform.dll
0x00007ff8a7040000 - 0x00007ff8a704d000 	C:\Program Files\Android\Android Studio\jre\jre\bin\management.dll
0x00007ff8ac720000 - 0x00007ff8ac737000 	C:\WINDOWS\SYSTEM32\CRYPTSP.dll
0x00007ff8ac1a0000 - 0x00007ff8ac1d4000 	C:\WINDOWS\system32\rsaenh.dll
0x00007ff8ac830000 - 0x00007ff8ac855000 	C:\WINDOWS\SYSTEM32\bcrypt.dll
0x00007ff8acba0000 - 0x00007ff8acbc9000 	C:\WINDOWS\SYSTEM32\USERENV.dll
0x00007ff8ac740000 - 0x00007ff8ac74b000 	C:\WINDOWS\SYSTEM32\CRYPTBASE.dll
0x00007ff8ac320000 - 0x00007ff8ac357000 	C:\WINDOWS\SYSTEM32\IPHLPAPI.DLL
0x00007ff8b0810000 - 0x00007ff8b0818000 	C:\WINDOWS\System32\NSI.dll
0x00007ff8a01b0000 - 0x00007ff8a01c6000 	C:\WINDOWS\SYSTEM32\dhcpcsvc6.DLL
0x00007ff8a1200000 - 0x00007ff8a121a000 	C:\WINDOWS\SYSTEM32\dhcpcsvc.DLL
0x00007ff8a8a30000 - 0x00007ff8a8bd9000 	C:\WINDOWS\SYSTEM32\dbghelp.dll

VM Arguments:
jvm_args: -Xmx1536m -Dfile.encoding=windows-1252 -Duser.country=US -Duser.language=en -Duser.variant 
java_command: org.gradle.launcher.daemon.bootstrap.GradleDaemon 4.1
java_class_path (initial): C:\Users\Rey Christian\.gradle\wrapper\dists\gradle-4.1-all\bzyivzo6n839fup2jbap0tjew\gradle-4.1\lib\gradle-launcher-4.1.jar
Launcher Type: SUN_STANDARD

Environment Variables:
PATH=C:\ProgramData\Oracle\Java\javapath;C:\WINDOWS\system32;C:\WINDOWS;C:\WINDOWS\System32\Wbem;C:\WINDOWS\System32\WindowsPowerShell\v1.0\;C:\Users\Rey Christian\.dnx\bin;C:\Program Files\Microsoft DNX\Dnvm\;c:\Program Files\Microsoft SQL Server\110\Tools\Binn\;c:\Program Files (x86)\Microsoft SQL Server\110\Tools\Binn\;c:\Program Files\Microsoft SQL Server\110\DTS\Binn\;c:\Program Files (x86)\Microsoft SQL Server\110\Tools\Binn\ManagementStudio\;c:\Program Files (x86)\Microsoft SQL Server\110\DTS\Binn\;C:\Program Files (x86)\MySQL\MySQL Fabric 1.5.4 & MySQL Utilities 1.5.4 1.5\;C:\Program Files (x86)\MySQL\MySQL Fabric 1.5.4 & MySQL Utilities 1.5.4 1.5\Doctrine extensions for PHP\;C:\Program Files (x86)\Windows Live\Shared;C:\Program Files\Microsoft SQL Server\Client SDK\ODBC\110\Tools\Binn\;C:\Program Files (x86)\Microsoft SQL Server\120\Tools\Binn\ManagementStudio\;C:\Program Files (x86)\Microsoft SQL Server\120\Tools\Binn\;C:\Program Files\Microsoft SQL Server\120\Tools\Binn\;C:\Program Files (x86)\Microsoft SQL Server\120\DTS\Binn\;C:\Program Files\Microsoft SQL Server\120\DTS\Binn\;C:\Program Files\MongoDB\Server\3.4\bin;%USERPROFILE%\AppData\Local\Microsoft\WindowsApps;
USERNAME=Rey Christian
OS=Windows_NT
PROCESSOR_IDENTIFIER=Intel64 Family 6 Model 69 Stepping 1, GenuineIntel



---------------  S Y S T E M  ---------------

OS: Windows 10.0 , 64 bit Build 15063 (10.0.15063.296)

CPU:total 4 (initial active 4) (2 cores per cpu, 2 threads per core) family 6 model 69 stepping 1, cmov, cx8, fxsr, mmx, sse, sse2, sse3, ssse3, sse4.1, sse4.2, popcnt, avx, avx2, aes, clmul, erms, lzcnt, ht, tsc, tscinvbit, bmi1, bmi2

Memory: 4k page, physical 4074736k(1392968k free), swap 22506736k(18250680k free)

vm_info: OpenJDK 64-Bit Server VM (25.152-b01) for windows-amd64 JRE (1.8.0_152-release-915-b01), built by "builder" with MS VC++ 10.0 (VS2010)

time: Wed Nov 15 13:45:19 2017
elapsed time: 807 seconds (0d 0h 13m 27s)

